
  .   ____          _            __ _ _
 /\\ / ___'_ __ _ _(_)_ __  __ _ \ \ \ \
( ( )\___ | '_ | '_| | '_ \/ _` | \ \ \ \
 \\/  ___)| |_)| | | | | || (_| |  ) ) ) )
  '  |____| .__|_| |_|_| |_\__, | / / / /
 =========|_|==============|___/=/_/_/_/

 :: Spring Boot ::                (v3.3.7)

2026-05-05T22:41:23.945+06:00  INFO 30072 --- [ironman-backend] [           main] com.ironman.IronmanApplication           : Starting IronmanApplication v0.0.1-SNAPSHOT using Java 21.0.5 with PID 30072 (C:\Users\abrar\Documents\New project\ironman\backend\target\backend-0.0.1-SNAPSHOT.jar started by abrar in C:\Users\abrar\Documents\New project\ironman\backend)
2026-05-05T22:41:23.948+06:00  INFO 30072 --- [ironman-backend] [           main] com.ironman.IronmanApplication           : No active profile set, falling back to 1 default profile: "default"
2026-05-05T22:41:24.766+06:00  INFO 30072 --- [ironman-backend] [           main] .s.d.r.c.RepositoryConfigurationDelegate : Bootstrapping Spring Data JPA repositories in DEFAULT mode.
2026-05-05T22:41:24.831+06:00  INFO 30072 --- [ironman-backend] [           main] .s.d.r.c.RepositoryConfigurationDelegate : Finished Spring Data repository scanning in 57 ms. Found 12 JPA repository interfaces.
2026-05-05T22:41:25.763+06:00  INFO 30072 --- [ironman-backend] [           main] o.s.b.w.embedded.tomcat.TomcatWebServer  : Tomcat initialized with port 8081 (http)
2026-05-05T22:41:25.789+06:00  INFO 30072 --- [ironman-backend] [           main] o.apache.catalina.core.StandardService   : Starting service [Tomcat]
2026-05-05T22:41:25.790+06:00  INFO 30072 --- [ironman-backend] [           main] o.apache.catalina.core.StandardEngine    : Starting Servlet engine: [Apache Tomcat/10.1.34]
2026-05-05T22:41:25.829+06:00  INFO 30072 --- [ironman-backend] [           main] o.a.c.c.C.[Tomcat].[localhost].[/]       : Initializing Spring embedded WebApplicationContext
2026-05-05T22:41:25.831+06:00  INFO 30072 --- [ironman-backend] [           main] w.s.c.ServletWebServerApplicationContext : Root WebApplicationContext: initialization completed in 1843 ms
2026-05-05T22:41:26.058+06:00  INFO 30072 --- [ironman-backend] [           main] o.hibernate.jpa.internal.util.LogHelper  : HHH000204: Processing PersistenceUnitInfo [name: default]
2026-05-05T22:41:26.123+06:00  INFO 30072 --- [ironman-backend] [           main] org.hibernate.Version                    : HHH000412: Hibernate ORM core version 6.5.3.Final
2026-05-05T22:41:26.159+06:00  INFO 30072 --- [ironman-backend] [           main] o.h.c.internal.RegionFactoryInitiator    : HHH000026: Second-level cache disabled
2026-05-05T22:41:26.568+06:00  INFO 30072 --- [ironman-backend] [           main] o.s.o.j.p.SpringPersistenceUnitInfo      : No LoadTimeWeaver setup: ignoring JPA class transformer
2026-05-05T22:41:26.595+06:00  INFO 30072 --- [ironman-backend] [           main] com.zaxxer.hikari.HikariDataSource       : HikariPool-1 - Starting...
2026-05-05T22:41:27.878+06:00  INFO 30072 --- [ironman-backend] [           main] com.zaxxer.hikari.pool.HikariPool        : HikariPool-1 - Added connection org.postgresql.jdbc.PgConnection@432a6a69
2026-05-05T22:41:27.880+06:00  INFO 30072 --- [ironman-backend] [           main] com.zaxxer.hikari.HikariDataSource       : HikariPool-1 - Start completed.
2026-05-05T22:41:28.026+06:00  WARN 30072 --- [ironman-backend] [           main] org.hibernate.orm.deprecation            : HHH90000025: PostgreSQLDialect does not need to be specified explicitly using 'hibernate.dialect' (remove the property setting and it will be selected by default)
2026-05-05T22:41:29.108+06:00  INFO 30072 --- [ironman-backend] [           main] o.h.e.t.j.p.i.JtaPlatformInitiator       : HHH000489: No JTA platform available (set 'hibernate.transaction.jta.platform' to enable JTA platform integration)
2026-05-05T22:41:36.606+06:00  INFO 30072 --- [ironman-backend] [           main] j.LocalContainerEntityManagerFactoryBean : Initialized JPA EntityManagerFactory for persistence unit 'default'
2026-05-05T22:41:37.105+06:00  INFO 30072 --- [ironman-backend] [           main] eAuthenticationProviderManagerConfigurer : Global AuthenticationManager configured with AuthenticationProvider bean with name authenticationProvider
2026-05-05T22:41:37.106+06:00  WARN 30072 --- [ironman-backend] [           main] r$InitializeUserDetailsManagerConfigurer : Global AuthenticationManager configured with an AuthenticationProvider bean. UserDetailsService beans will not be used for username/password login. Consider removing the AuthenticationProvider bean. Alternatively, consider using the UserDetailsService in a manually instantiated DaoAuthenticationProvider.
2026-05-05T22:41:37.502+06:00  WARN 30072 --- [ironman-backend] [           main] o.s.s.c.a.web.builders.WebSecurity       : You are asking Spring Security to ignore Deferred [Mvc [pattern='/**', OPTIONS], Ant [pattern='/**', OPTIONS]]. This is not recommended -- please use permitAll via HttpSecurity#authorizeHttpRequests instead.
2026-05-05T22:41:37.503+06:00  WARN 30072 --- [ironman-backend] [           main] o.s.s.c.a.web.builders.WebSecurity       : You are asking Spring Security to ignore Deferred [Mvc [pattern='/api/v1/health', GET], Ant [pattern='/api/v1/health', GET]]. This is not recommended -- please use permitAll via HttpSecurity#authorizeHttpRequests instead.
2026-05-05T22:41:37.503+06:00  WARN 30072 --- [ironman-backend] [           main] o.s.s.c.a.web.builders.WebSecurity       : You are asking Spring Security to ignore Deferred [Mvc [pattern='/api/v1/services', GET], Ant [pattern='/api/v1/services', GET]]. This is not recommended -- please use permitAll via HttpSecurity#authorizeHttpRequests instead.
2026-05-05T22:41:37.504+06:00  WARN 30072 --- [ironman-backend] [           main] o.s.s.c.a.web.builders.WebSecurity       : You are asking Spring Security to ignore Deferred [Mvc [pattern='/api/v1/services/**', GET], Ant [pattern='/api/v1/services/**', GET]]. This is not recommended -- please use permitAll via HttpSecurity#authorizeHttpRequests instead.
2026-05-05T22:41:37.504+06:00  WARN 30072 --- [ironman-backend] [           main] o.s.s.c.a.web.builders.WebSecurity       : You are asking Spring Security to ignore Deferred [Mvc [pattern='/api/v1/tracking', GET], Ant [pattern='/api/v1/tracking', GET]]. This is not recommended -- please use permitAll via HttpSecurity#authorizeHttpRequests instead.
2026-05-05T22:41:37.504+06:00  WARN 30072 --- [ironman-backend] [           main] o.s.s.c.a.web.builders.WebSecurity       : You are asking Spring Security to ignore Deferred [Mvc [pattern='/api/v1/tracking/**', GET], Ant [pattern='/api/v1/tracking/**', GET]]. This is not recommended -- please use permitAll via HttpSecurity#authorizeHttpRequests instead.
2026-05-05T22:41:37.505+06:00  WARN 30072 --- [ironman-backend] [           main] o.s.s.c.a.web.builders.WebSecurity       : You are asking Spring Security to ignore Deferred [Mvc [pattern='/api/v1/auth/register', POST], Ant [pattern='/api/v1/auth/register', POST]]. This is not recommended -- please use permitAll via HttpSecurity#authorizeHttpRequests instead.
2026-05-05T22:41:37.505+06:00  WARN 30072 --- [ironman-backend] [           main] o.s.s.c.a.web.builders.WebSecurity       : You are asking Spring Security to ignore Deferred [Mvc [pattern='/api/v1/auth/login', POST], Ant [pattern='/api/v1/auth/login', POST]]. This is not recommended -- please use permitAll via HttpSecurity#authorizeHttpRequests instead.
2026-05-05T22:41:37.505+06:00  WARN 30072 --- [ironman-backend] [           main] o.s.s.c.a.web.builders.WebSecurity       : You are asking Spring Security to ignore Deferred [Mvc [pattern='/api/v1/auth/refresh', POST], Ant [pattern='/api/v1/auth/refresh', POST]]. This is not recommended -- please use permitAll via HttpSecurity#authorizeHttpRequests instead.
2026-05-05T22:41:37.781+06:00  INFO 30072 --- [ironman-backend] [           main] o.s.b.w.embedded.tomcat.TomcatWebServer  : Tomcat started on port 8081 (http) with context path '/'
2026-05-05T22:41:37.788+06:00  INFO 30072 --- [ironman-backend] [           main] com.ironman.IronmanApplication           : Started IronmanApplication in 14.253 seconds (process running for 14.728)
2026-05-05T22:41:52.223+06:00  INFO 30072 --- [ironman-backend] [nio-8081-exec-1] o.a.c.c.C.[Tomcat].[localhost].[/]       : Initializing Spring DispatcherServlet 'dispatcherServlet'
2026-05-05T22:41:52.223+06:00  INFO 30072 --- [ironman-backend] [nio-8081-exec-1] o.s.web.servlet.DispatcherServlet        : Initializing Servlet 'dispatcherServlet'
2026-05-05T22:41:52.224+06:00  INFO 30072 --- [ironman-backend] [nio-8081-exec-1] o.s.web.servlet.DispatcherServlet        : Completed initialization in 1 ms
